<?xml version="1.0" encoding="UTF-8"?>
<!-- Generated by org.testng.reporters.JUnitXMLReporter -->
<testsuite hostname="IM-LP-717" ignored="0" name="Rallyhood web Automation Tests_edge" tests="44" failures="5" timestamp="07 Dec 2017 07:35:49 GMT" time="1819.143" errors="0">
  <testcase name="RallyhoodTC_01" time="32.987" classname="com.web.tests.webtestcases.rallyhood.RallyhoodtestcasesEdge"/>
  <testcase name="RallyhoodTC_02" time="20.354" classname="com.web.tests.webtestcases.rallyhood.RallyhoodtestcasesEdge"/>
  <testcase name="RallyhoodTC_03" time="17.295" classname="com.web.tests.webtestcases.rallyhood.RallyhoodtestcasesEdge"/>
  <testcase name="RallyhoodTC_05" time="49.648" classname="com.web.tests.webtestcases.rallyhood.RallyhoodtestcasesEdge"/>
  <testcase name="RallyhoodTC_06" time="8.101" classname="com.web.tests.webtestcases.rallyhood.RallyhoodtestcasesEdge"/>
  <testcase name="RallyhoodTC_07" time="22.479" classname="com.web.tests.webtestcases.rallyhood.RallyhoodtestcasesEdge"/>
  <testcase name="RallyhoodTC_08" time="29.675" classname="com.web.tests.webtestcases.rallyhood.RallyhoodtestcasesEdge"/>
  <testcase name="RallyhoodTC_09" time="29.678" classname="com.web.tests.webtestcases.rallyhood.RallyhoodtestcasesEdge"/>
  <testcase name="RallyhoodTC_10" time="26.408" classname="com.web.tests.webtestcases.rallyhood.RallyhoodtestcasesEdge"/>
  <testcase name="RallyhoodTC_11" time="13.159" classname="com.web.tests.webtestcases.rallyhood.RallyhoodtestcasesEdge"/>
  <testcase name="RallyhoodTC_12" time="16.911" classname="com.web.tests.webtestcases.rallyhood.RallyhoodtestcasesEdge"/>
  <testcase name="RallyhoodTC_13" time="45.568" classname="com.web.tests.webtestcases.rallyhood.RallyhoodtestcasesEdge"/>
  <testcase name="RallyhoodTC_14" time="7.347" classname="com.web.tests.webtestcases.rallyhood.RallyhoodtestcasesEdge"/>
  <testcase name="RallyhoodTC_15" time="9.421" classname="com.web.tests.webtestcases.rallyhood.RallyhoodtestcasesEdge"/>
  <testcase name="RallyhoodTC_16" time="41.215" classname="com.web.tests.webtestcases.rallyhood.RallyhoodtestcasesEdge"/>
  <testcase name="RallyhoodTC_17" time="13.679" classname="com.web.tests.webtestcases.rallyhood.RallyhoodtestcasesEdge"/>
  <testcase name="RallyhoodTC_18" time="10.673" classname="com.web.tests.webtestcases.rallyhood.RallyhoodtestcasesEdge"/>
  <testcase name="RallyhoodTC_19" time="11.074" classname="com.web.tests.webtestcases.rallyhood.RallyhoodtestcasesEdge"/>
  <testcase name="RallyhoodTC_20" time="11.793" classname="com.web.tests.webtestcases.rallyhood.RallyhoodtestcasesEdge"/>
  <testcase name="RallyhoodTC_21" time="10.715" classname="com.web.tests.webtestcases.rallyhood.RallyhoodtestcasesEdge"/>
  <testcase name="RallyhoodTC_22" time="66.312" classname="com.web.tests.webtestcases.rallyhood.RallyhoodtestcasesEdge"/>
  <testcase name="RallyhoodTC_23" time="80.792" classname="com.web.tests.webtestcases.rallyhood.RallyhoodtestcasesEdge"/>
  <testcase name="RallyhoodTC_24" time="8.942" classname="com.web.tests.webtestcases.rallyhood.RallyhoodtestcasesEdge"/>
  <testcase name="RallyhoodTC_25" time="11.111" classname="com.web.tests.webtestcases.rallyhood.RallyhoodtestcasesEdge"/>
  <testcase name="RallyhoodTC_26" time="46.439" classname="com.web.tests.webtestcases.rallyhood.RallyhoodtestcasesEdge"/>
  <testcase name="RallyhoodTC_27" time="63.254" classname="com.web.tests.webtestcases.rallyhood.RallyhoodtestcasesEdge"/>
  <testcase name="RallyhoodTC_28" time="70.348" classname="com.web.tests.webtestcases.rallyhood.RallyhoodtestcasesEdge"/>
  <testcase name="RallyhoodTC_29" time="57.22" classname="com.web.tests.webtestcases.rallyhood.RallyhoodtestcasesEdge"/>
  <testcase name="RallyhoodTC_30" time="91.537" classname="com.web.tests.webtestcases.rallyhood.RallyhoodtestcasesEdge"/>
  <testcase name="RallyhoodTC_31" time="24.736" classname="com.web.tests.webtestcases.rallyhood.RallyhoodtestcasesEdge"/>
  <testcase name="RallyhoodTC_32" time="48.371" classname="com.web.tests.webtestcases.rallyhood.RallyhoodtestcasesEdge"/>
  <testcase name="RallyhoodTC_33" time="63.499" classname="com.web.tests.webtestcases.rallyhood.RallyhoodtestcasesEdge"/>
  <testcase name="RallyhoodTC_34" time="124.083" classname="com.web.tests.webtestcases.rallyhood.RallyhoodtestcasesEdge"/>
  <testcase name="RallyhoodTC_35" time="58.079" classname="com.web.tests.webtestcases.rallyhood.RallyhoodtestcasesEdge"/>
  <testcase name="RallyhoodTC_36" time="119.447" classname="com.web.tests.webtestcases.rallyhood.RallyhoodtestcasesEdge"/>
  <testcase name="RallyhoodTC_37" time="116.438" classname="com.web.tests.webtestcases.rallyhood.RallyhoodtestcasesEdge"/>
  <testcase name="RallyhoodTC_38" time="61.474" classname="com.web.tests.webtestcases.rallyhood.RallyhoodtestcasesEdge"/>
  <testcase name="RallyhoodTC_39" time="18.153" classname="com.web.tests.webtestcases.rallyhood.RallyhoodtestcasesEdge"/>
  <testcase name="RallyhoodTC_40" time="221.624" classname="com.web.tests.webtestcases.rallyhood.RallyhoodtestcasesEdge"/>
  <testcase name="RallyhoodTC_41" time="3.524" classname="com.web.tests.webtestcases.rallyhood.RallyhoodtestcasesEdge">
    <failure type="org.openqa.selenium.WebDriverException" message="A window size operation failed because the window is not currently available (WARNING: The server did not provide any stacktrace information)
Command duration or timeout: 0 milliseconds
Build info: version: &amp;apos;3.6.0&amp;apos;, revision: &amp;apos;6fbf3ec767&amp;apos;, time: &amp;apos;2017-09-27T15:28:36.4Z&amp;apos;
System info: host: &amp;apos;IM-LP-717&amp;apos;, ip: &amp;apos;192.168.237.62&amp;apos;, os.name: &amp;apos;Windows 10&amp;apos;, os.arch: &amp;apos;amd64&amp;apos;, os.version: &amp;apos;10.0&amp;apos;, java.version: &amp;apos;1.8.0_151&amp;apos;
Driver info: org.openqa.selenium.edge.EdgeDriver
Capabilities [{applicationCacheEnabled=true, pageLoadStrategy=normal, platform=WINDOWS, acceptSslCerts=true, browserVersion=38.14393.0.0, platformVersion=10, locationContextEnabled=true, webStorageEnabled=true, browserName=MicrosoftEdge, takesScreenshot=true, takesElementScreenshot=true, javascriptEnabled=true, platformName=WINDOWS}]
Session ID: 88BCD01C-B7F9-4A71-9588-22BFF01512A1">
      <![CDATA[org.openqa.selenium.WebDriverException: A window size operation failed because the window is not currently available (WARNING: The server did not provide any stacktrace information)
Command duration or timeout: 0 milliseconds
Build info: version: '3.6.0', revision: '6fbf3ec767', time: '2017-09-27T15:28:36.4Z'
System info: host: 'IM-LP-717', ip: '192.168.237.62', os.name: 'Windows 10', os.arch: 'amd64', os.version: '10.0', java.version: '1.8.0_151'
Driver info: org.openqa.selenium.edge.EdgeDriver
Capabilities [{applicationCacheEnabled=true, pageLoadStrategy=normal, platform=WINDOWS, acceptSslCerts=true, browserVersion=38.14393.0.0, platformVersion=10, locationContextEnabled=true, webStorageEnabled=true, browserName=MicrosoftEdge, takesScreenshot=true, takesElementScreenshot=true, javascriptEnabled=true, platformName=WINDOWS}]
Session ID: 88BCD01C-B7F9-4A71-9588-22BFF01512A1
	at org.openqa.selenium.remote.ErrorHandler.createThrowable(ErrorHandler.java:214)
	at org.openqa.selenium.remote.ErrorHandler.throwIfResponseFailed(ErrorHandler.java:166)
	at org.openqa.selenium.remote.http.JsonHttpResponseCodec.reconstructValue(JsonHttpResponseCodec.java:40)
	at org.openqa.selenium.remote.http.AbstractHttpResponseCodec.decode(AbstractHttpResponseCodec.java:82)
	at org.openqa.selenium.remote.http.AbstractHttpResponseCodec.decode(AbstractHttpResponseCodec.java:45)
	at org.openqa.selenium.remote.HttpCommandExecutor.execute(HttpCommandExecutor.java:164)
	at org.openqa.selenium.remote.service.DriverCommandExecutor.execute(DriverCommandExecutor.java:83)
	at org.openqa.selenium.remote.RemoteWebDriver.execute(RemoteWebDriver.java:586)
	at org.openqa.selenium.remote.RemoteWebDriver.execute(RemoteWebDriver.java:643)
	at org.openqa.selenium.remote.RemoteWebDriver$RemoteWebDriverOptions$RemoteWindow.maximize(RemoteWebDriver.java:877)
	at com.innominds.team.driverinit.DriverManager.loadURL(DriverManager.java:288)
	at com.web.tests.webtestcases.rallyhood.RallyhoodtestcasesEdge.RallyhoodTC_41(RallyhoodtestcasesEdge.java:493)
	at java.util.concurrent.FutureTask.run(Unknown Source)
	at java.util.concurrent.ThreadPoolExecutor.runWorker(Unknown Source)
	at java.util.concurrent.ThreadPoolExecutor$Worker.run(Unknown Source)
	at java.lang.Thread.run(Unknown Source)
... Removed 20 stack frames]]>
    </failure>
  </testcase> <!-- RallyhoodTC_41 -->
  <testcase name="RallyhoodTC_42" time="1.959" classname="com.web.tests.webtestcases.rallyhood.RallyhoodtestcasesEdge">
    <failure type="org.openqa.selenium.WebDriverException" message="A window size operation failed because the window is not currently available (WARNING: The server did not provide any stacktrace information)
Command duration or timeout: 0 milliseconds
Build info: version: &amp;apos;3.6.0&amp;apos;, revision: &amp;apos;6fbf3ec767&amp;apos;, time: &amp;apos;2017-09-27T15:28:36.4Z&amp;apos;
System info: host: &amp;apos;IM-LP-717&amp;apos;, ip: &amp;apos;192.168.237.62&amp;apos;, os.name: &amp;apos;Windows 10&amp;apos;, os.arch: &amp;apos;amd64&amp;apos;, os.version: &amp;apos;10.0&amp;apos;, java.version: &amp;apos;1.8.0_151&amp;apos;
Driver info: org.openqa.selenium.edge.EdgeDriver
Capabilities [{applicationCacheEnabled=true, pageLoadStrategy=normal, platform=WINDOWS, acceptSslCerts=true, browserVersion=38.14393.0.0, platformVersion=10, locationContextEnabled=true, webStorageEnabled=true, browserName=MicrosoftEdge, takesScreenshot=true, takesElementScreenshot=true, javascriptEnabled=true, platformName=WINDOWS}]
Session ID: 88BCD01C-B7F9-4A71-9588-22BFF01512A1">
      <![CDATA[org.openqa.selenium.WebDriverException: A window size operation failed because the window is not currently available (WARNING: The server did not provide any stacktrace information)
Command duration or timeout: 0 milliseconds
Build info: version: '3.6.0', revision: '6fbf3ec767', time: '2017-09-27T15:28:36.4Z'
System info: host: 'IM-LP-717', ip: '192.168.237.62', os.name: 'Windows 10', os.arch: 'amd64', os.version: '10.0', java.version: '1.8.0_151'
Driver info: org.openqa.selenium.edge.EdgeDriver
Capabilities [{applicationCacheEnabled=true, pageLoadStrategy=normal, platform=WINDOWS, acceptSslCerts=true, browserVersion=38.14393.0.0, platformVersion=10, locationContextEnabled=true, webStorageEnabled=true, browserName=MicrosoftEdge, takesScreenshot=true, takesElementScreenshot=true, javascriptEnabled=true, platformName=WINDOWS}]
Session ID: 88BCD01C-B7F9-4A71-9588-22BFF01512A1
	at org.openqa.selenium.remote.ErrorHandler.createThrowable(ErrorHandler.java:214)
	at org.openqa.selenium.remote.ErrorHandler.throwIfResponseFailed(ErrorHandler.java:166)
	at org.openqa.selenium.remote.http.JsonHttpResponseCodec.reconstructValue(JsonHttpResponseCodec.java:40)
	at org.openqa.selenium.remote.http.AbstractHttpResponseCodec.decode(AbstractHttpResponseCodec.java:82)
	at org.openqa.selenium.remote.http.AbstractHttpResponseCodec.decode(AbstractHttpResponseCodec.java:45)
	at org.openqa.selenium.remote.HttpCommandExecutor.execute(HttpCommandExecutor.java:164)
	at org.openqa.selenium.remote.service.DriverCommandExecutor.execute(DriverCommandExecutor.java:83)
	at org.openqa.selenium.remote.RemoteWebDriver.execute(RemoteWebDriver.java:586)
	at org.openqa.selenium.remote.RemoteWebDriver.execute(RemoteWebDriver.java:643)
	at org.openqa.selenium.remote.RemoteWebDriver$RemoteWebDriverOptions$RemoteWindow.maximize(RemoteWebDriver.java:877)
	at com.innominds.team.driverinit.DriverManager.loadURL(DriverManager.java:288)
	at com.web.tests.webtestcases.rallyhood.RallyhoodtestcasesEdge.RallyhoodTC_42(RallyhoodtestcasesEdge.java:505)
	at java.util.concurrent.FutureTask.run(Unknown Source)
	at java.util.concurrent.ThreadPoolExecutor.runWorker(Unknown Source)
	at java.util.concurrent.ThreadPoolExecutor$Worker.run(Unknown Source)
	at java.lang.Thread.run(Unknown Source)
... Removed 20 stack frames]]>
    </failure>
  </testcase> <!-- RallyhoodTC_42 -->
  <testcase name="RallyhoodTC_43" time="1.636" classname="com.web.tests.webtestcases.rallyhood.RallyhoodtestcasesEdge">
    <failure type="org.openqa.selenium.WebDriverException" message="A window size operation failed because the window is not currently available (WARNING: The server did not provide any stacktrace information)
Command duration or timeout: 0 milliseconds
Build info: version: &amp;apos;3.6.0&amp;apos;, revision: &amp;apos;6fbf3ec767&amp;apos;, time: &amp;apos;2017-09-27T15:28:36.4Z&amp;apos;
System info: host: &amp;apos;IM-LP-717&amp;apos;, ip: &amp;apos;192.168.237.62&amp;apos;, os.name: &amp;apos;Windows 10&amp;apos;, os.arch: &amp;apos;amd64&amp;apos;, os.version: &amp;apos;10.0&amp;apos;, java.version: &amp;apos;1.8.0_151&amp;apos;
Driver info: org.openqa.selenium.edge.EdgeDriver
Capabilities [{applicationCacheEnabled=true, pageLoadStrategy=normal, platform=WINDOWS, acceptSslCerts=true, browserVersion=38.14393.0.0, platformVersion=10, locationContextEnabled=true, webStorageEnabled=true, browserName=MicrosoftEdge, takesScreenshot=true, takesElementScreenshot=true, javascriptEnabled=true, platformName=WINDOWS}]
Session ID: 88BCD01C-B7F9-4A71-9588-22BFF01512A1">
      <![CDATA[org.openqa.selenium.WebDriverException: A window size operation failed because the window is not currently available (WARNING: The server did not provide any stacktrace information)
Command duration or timeout: 0 milliseconds
Build info: version: '3.6.0', revision: '6fbf3ec767', time: '2017-09-27T15:28:36.4Z'
System info: host: 'IM-LP-717', ip: '192.168.237.62', os.name: 'Windows 10', os.arch: 'amd64', os.version: '10.0', java.version: '1.8.0_151'
Driver info: org.openqa.selenium.edge.EdgeDriver
Capabilities [{applicationCacheEnabled=true, pageLoadStrategy=normal, platform=WINDOWS, acceptSslCerts=true, browserVersion=38.14393.0.0, platformVersion=10, locationContextEnabled=true, webStorageEnabled=true, browserName=MicrosoftEdge, takesScreenshot=true, takesElementScreenshot=true, javascriptEnabled=true, platformName=WINDOWS}]
Session ID: 88BCD01C-B7F9-4A71-9588-22BFF01512A1
	at org.openqa.selenium.remote.ErrorHandler.createThrowable(ErrorHandler.java:214)
	at org.openqa.selenium.remote.ErrorHandler.throwIfResponseFailed(ErrorHandler.java:166)
	at org.openqa.selenium.remote.http.JsonHttpResponseCodec.reconstructValue(JsonHttpResponseCodec.java:40)
	at org.openqa.selenium.remote.http.AbstractHttpResponseCodec.decode(AbstractHttpResponseCodec.java:82)
	at org.openqa.selenium.remote.http.AbstractHttpResponseCodec.decode(AbstractHttpResponseCodec.java:45)
	at org.openqa.selenium.remote.HttpCommandExecutor.execute(HttpCommandExecutor.java:164)
	at org.openqa.selenium.remote.service.DriverCommandExecutor.execute(DriverCommandExecutor.java:83)
	at org.openqa.selenium.remote.RemoteWebDriver.execute(RemoteWebDriver.java:586)
	at org.openqa.selenium.remote.RemoteWebDriver.execute(RemoteWebDriver.java:643)
	at org.openqa.selenium.remote.RemoteWebDriver$RemoteWebDriverOptions$RemoteWindow.maximize(RemoteWebDriver.java:877)
	at com.innominds.team.driverinit.DriverManager.loadURL(DriverManager.java:288)
	at com.web.tests.webtestcases.rallyhood.RallyhoodtestcasesEdge.RallyhoodTC_43(RallyhoodtestcasesEdge.java:517)
	at java.util.concurrent.FutureTask.run(Unknown Source)
	at java.util.concurrent.ThreadPoolExecutor.runWorker(Unknown Source)
	at java.util.concurrent.ThreadPoolExecutor$Worker.run(Unknown Source)
	at java.lang.Thread.run(Unknown Source)
... Removed 20 stack frames]]>
    </failure>
  </testcase> <!-- RallyhoodTC_43 -->
  <testcase name="RallyhoodTC_44" time="7.177" classname="com.web.tests.webtestcases.rallyhood.RallyhoodtestcasesEdge">
    <failure type="org.openqa.selenium.WebDriverException" message="A window size operation failed because the window is not currently available (WARNING: The server did not provide any stacktrace information)
Command duration or timeout: 0 milliseconds
Build info: version: &amp;apos;3.6.0&amp;apos;, revision: &amp;apos;6fbf3ec767&amp;apos;, time: &amp;apos;2017-09-27T15:28:36.4Z&amp;apos;
System info: host: &amp;apos;IM-LP-717&amp;apos;, ip: &amp;apos;192.168.237.62&amp;apos;, os.name: &amp;apos;Windows 10&amp;apos;, os.arch: &amp;apos;amd64&amp;apos;, os.version: &amp;apos;10.0&amp;apos;, java.version: &amp;apos;1.8.0_151&amp;apos;
Driver info: org.openqa.selenium.edge.EdgeDriver
Capabilities [{applicationCacheEnabled=true, pageLoadStrategy=normal, platform=WINDOWS, acceptSslCerts=true, browserVersion=38.14393.0.0, platformVersion=10, locationContextEnabled=true, webStorageEnabled=true, browserName=MicrosoftEdge, takesScreenshot=true, takesElementScreenshot=true, javascriptEnabled=true, platformName=WINDOWS}]
Session ID: 88BCD01C-B7F9-4A71-9588-22BFF01512A1">
      <![CDATA[org.openqa.selenium.WebDriverException: A window size operation failed because the window is not currently available (WARNING: The server did not provide any stacktrace information)
Command duration or timeout: 0 milliseconds
Build info: version: '3.6.0', revision: '6fbf3ec767', time: '2017-09-27T15:28:36.4Z'
System info: host: 'IM-LP-717', ip: '192.168.237.62', os.name: 'Windows 10', os.arch: 'amd64', os.version: '10.0', java.version: '1.8.0_151'
Driver info: org.openqa.selenium.edge.EdgeDriver
Capabilities [{applicationCacheEnabled=true, pageLoadStrategy=normal, platform=WINDOWS, acceptSslCerts=true, browserVersion=38.14393.0.0, platformVersion=10, locationContextEnabled=true, webStorageEnabled=true, browserName=MicrosoftEdge, takesScreenshot=true, takesElementScreenshot=true, javascriptEnabled=true, platformName=WINDOWS}]
Session ID: 88BCD01C-B7F9-4A71-9588-22BFF01512A1
	at org.openqa.selenium.remote.ErrorHandler.createThrowable(ErrorHandler.java:214)
	at org.openqa.selenium.remote.ErrorHandler.throwIfResponseFailed(ErrorHandler.java:166)
	at org.openqa.selenium.remote.http.JsonHttpResponseCodec.reconstructValue(JsonHttpResponseCodec.java:40)
	at org.openqa.selenium.remote.http.AbstractHttpResponseCodec.decode(AbstractHttpResponseCodec.java:82)
	at org.openqa.selenium.remote.http.AbstractHttpResponseCodec.decode(AbstractHttpResponseCodec.java:45)
	at org.openqa.selenium.remote.HttpCommandExecutor.execute(HttpCommandExecutor.java:164)
	at org.openqa.selenium.remote.service.DriverCommandExecutor.execute(DriverCommandExecutor.java:83)
	at org.openqa.selenium.remote.RemoteWebDriver.execute(RemoteWebDriver.java:586)
	at org.openqa.selenium.remote.RemoteWebDriver.execute(RemoteWebDriver.java:643)
	at org.openqa.selenium.remote.RemoteWebDriver$RemoteWebDriverOptions$RemoteWindow.maximize(RemoteWebDriver.java:877)
	at com.innominds.team.driverinit.DriverManager.loadURL(DriverManager.java:288)
	at com.web.tests.webtestcases.rallyhood.RallyhoodtestcasesEdge.RallyhoodTC_44(RallyhoodtestcasesEdge.java:528)
	at java.util.concurrent.FutureTask.run(Unknown Source)
	at java.util.concurrent.ThreadPoolExecutor.runWorker(Unknown Source)
	at java.util.concurrent.ThreadPoolExecutor$Worker.run(Unknown Source)
	at java.lang.Thread.run(Unknown Source)
... Removed 20 stack frames]]>
    </failure>
  </testcase> <!-- RallyhoodTC_44 -->
  <testcase name="RallyhoodTC_45" time="4.087" classname="com.web.tests.webtestcases.rallyhood.RallyhoodtestcasesEdge">
    <failure type="org.openqa.selenium.WebDriverException" message="A window size operation failed because the window is not currently available (WARNING: The server did not provide any stacktrace information)
Command duration or timeout: 0 milliseconds
Build info: version: &amp;apos;3.6.0&amp;apos;, revision: &amp;apos;6fbf3ec767&amp;apos;, time: &amp;apos;2017-09-27T15:28:36.4Z&amp;apos;
System info: host: &amp;apos;IM-LP-717&amp;apos;, ip: &amp;apos;192.168.237.62&amp;apos;, os.name: &amp;apos;Windows 10&amp;apos;, os.arch: &amp;apos;amd64&amp;apos;, os.version: &amp;apos;10.0&amp;apos;, java.version: &amp;apos;1.8.0_151&amp;apos;
Driver info: org.openqa.selenium.edge.EdgeDriver
Capabilities [{applicationCacheEnabled=true, pageLoadStrategy=normal, platform=WINDOWS, acceptSslCerts=true, browserVersion=38.14393.0.0, platformVersion=10, locationContextEnabled=true, webStorageEnabled=true, browserName=MicrosoftEdge, takesScreenshot=true, takesElementScreenshot=true, javascriptEnabled=true, platformName=WINDOWS}]
Session ID: 88BCD01C-B7F9-4A71-9588-22BFF01512A1">
      <![CDATA[org.openqa.selenium.WebDriverException: A window size operation failed because the window is not currently available (WARNING: The server did not provide any stacktrace information)
Command duration or timeout: 0 milliseconds
Build info: version: '3.6.0', revision: '6fbf3ec767', time: '2017-09-27T15:28:36.4Z'
System info: host: 'IM-LP-717', ip: '192.168.237.62', os.name: 'Windows 10', os.arch: 'amd64', os.version: '10.0', java.version: '1.8.0_151'
Driver info: org.openqa.selenium.edge.EdgeDriver
Capabilities [{applicationCacheEnabled=true, pageLoadStrategy=normal, platform=WINDOWS, acceptSslCerts=true, browserVersion=38.14393.0.0, platformVersion=10, locationContextEnabled=true, webStorageEnabled=true, browserName=MicrosoftEdge, takesScreenshot=true, takesElementScreenshot=true, javascriptEnabled=true, platformName=WINDOWS}]
Session ID: 88BCD01C-B7F9-4A71-9588-22BFF01512A1
	at org.openqa.selenium.remote.ErrorHandler.createThrowable(ErrorHandler.java:214)
	at org.openqa.selenium.remote.ErrorHandler.throwIfResponseFailed(ErrorHandler.java:166)
	at org.openqa.selenium.remote.http.JsonHttpResponseCodec.reconstructValue(JsonHttpResponseCodec.java:40)
	at org.openqa.selenium.remote.http.AbstractHttpResponseCodec.decode(AbstractHttpResponseCodec.java:82)
	at org.openqa.selenium.remote.http.AbstractHttpResponseCodec.decode(AbstractHttpResponseCodec.java:45)
	at org.openqa.selenium.remote.HttpCommandExecutor.execute(HttpCommandExecutor.java:164)
	at org.openqa.selenium.remote.service.DriverCommandExecutor.execute(DriverCommandExecutor.java:83)
	at org.openqa.selenium.remote.RemoteWebDriver.execute(RemoteWebDriver.java:586)
	at org.openqa.selenium.remote.RemoteWebDriver.execute(RemoteWebDriver.java:643)
	at org.openqa.selenium.remote.RemoteWebDriver$RemoteWebDriverOptions$RemoteWindow.maximize(RemoteWebDriver.java:877)
	at com.innominds.team.driverinit.DriverManager.loadURL(DriverManager.java:288)
	at com.web.tests.webtestcases.rallyhood.RallyhoodtestcasesEdge.RallyhoodTC_45(RallyhoodtestcasesEdge.java:539)
	at java.util.concurrent.FutureTask.run(Unknown Source)
	at java.util.concurrent.ThreadPoolExecutor.runWorker(Unknown Source)
	at java.util.concurrent.ThreadPoolExecutor$Worker.run(Unknown Source)
	at java.lang.Thread.run(Unknown Source)
... Removed 20 stack frames]]>
    </failure>
  </testcase> <!-- RallyhoodTC_45 -->
</testsuite> <!-- Rallyhood web Automation Tests_edge -->
